1719273064222	geckodriver	INFO	Listening on 127.0.0.1:65286
1719273067432	mozrunner::runner	INFO	Running command: "C:\\Program Files\\Mozilla Firefox\\firefox.exe" "--marionette" "-no-remote" "-profile" "C:\\Users\\menez\\AppData\\Local\\Temp\\rust_mozprofileVgqtfj"
console.warn: services.settings: Ignoring preference override of remote settings server
console.warn: services.settings: Allow by setting MOZ_REMOTE_SETTINGS_DEVTOOLS=1 in the environment
1719273068873	Marionette	INFO	Marionette enabled
Dynamically enable window occlusion 0
1719273069927	Marionette	INFO	Listening on port 65298
Read port: 65298
1719273070258	RemoteAgent	WARN	TLS certificate errors will be ignored for this session
1719273076436	Marionette	WARN	Ignoring event 'DOMContentLoaded' because document has an invalid readyState of 'complete'.
1719273098965	addons.xpi	ERROR	System addon update list error SyntaxError: XMLHttpRequest.open: 'http://%(server)s/dummy-system-addons.xml' is not a valid URL.
JavaScript warning: https://www.youtube.com/s/desktop/252a8b44/jsbin/desktop_polymer.vflset/desktop_polymer.js, line 16: Script terminated by timeout at:
ha@https://www.youtube.com/s/desktop/252a8b44/jsbin/desktop_polymer.vflset/desktop_polymer.js:16:26
vEa/<@https://www.youtube.com/s/desktop/252a8b44/jsbin/desktop_polymer.vflset/desktop_polymer.js:2690:43
NO.prototype.runHidden@https://www.youtube.com/s/desktop/252a8b44/jsbin/desktop_polymer.vflset/desktop_polymer.js:11589:39
vq.prototype.transition@https://www.youtube.com/s/desktop/252a8b44/jsbin/desktop_polymer.vflset/desktop_polymer.js:2687:2
NO/<@https://www.youtube.com/s/desktop/252a8b44/jsbin/desktop_polymer.vflset/desktop_polymer.js:11585:474

1719273102920	Marionette	INFO	Stopped listening on port 65298
Dynamically enable window occlusion 1
console.warn: services.settings: main/addons-manager-settings sync interrupted by shutdown
console.warn: services.settings: main/query-stripping sync interrupted by shutdown
console.warn: services.settings: main/partitioning-exempt-urls sync interrupted by shutdown
console.warn: services.settings: main/translations-wasm sync interrupted by shutdown
console.warn: services.settings: main/search-config-icons sync interrupted by shutdown
console.warn: services.settings: main/search-config-overrides sync interrupted by shutdown
console.warn: services.settings: main/search-default-override-allowlist sync interrupted by shutdown
console.warn: services.settings: main/search-config-overrides-v2 sync interrupted by shutdown
console.warn: services.settings: main/search-config sync interrupted by shutdown
console.error: (new AbortError("IndexedDB: main/ml-onnx-runtime getLastModified() IndexedDB:  execute() A request was aborted, for example through a call to IDBTransaction.abort.", "resource://services-settings/IDBHelpers.sys.mjs", 16))
1719273106679	geckodriver	INFO	Listening on 127.0.0.1:65381
1719273109880	mozrunner::runner	INFO	Running command: "C:\\Program Files\\Mozilla Firefox\\firefox.exe" "--marionette" "-no-remote" "-profile" "C:\\Users\\menez\\AppData\\Local\\Temp\\rust_mozprofile4CoT7k"
console.warn: services.settings: Ignoring preference override of remote settings server
console.warn: services.settings: Allow by setting MOZ_REMOTE_SETTINGS_DEVTOOLS=1 in the environment
1719273110520	Marionette	INFO	Marionette enabled
Dynamically enable window occlusion 0
1719273111077	Marionette	INFO	Listening on port 65392
Read port: 65392
1719273111326	RemoteAgent	WARN	TLS certificate errors will be ignored for this session
1719273116083	Marionette	WARN	Ignoring event 'DOMContentLoaded' because document has an invalid readyState of 'complete'.
[Child 17576, MediaDecoderStateMachine #1] WARNING: Decoder=232e8f77c00 state=DECODING_METADATA Decode metadata failed, shutting down decoder: file /builds/worker/checkouts/gecko/dom/media/MediaDecoderStateMachine.cpp:372
[Child 17576, MediaDecoderStateMachine #1] WARNING: Decoder=232e8f77c00 Decode error: NS_ERROR_DOM_MEDIA_METADATA_ERR (0x806e0006) - static MP4Metadata::ResultAndByteBuffer __cdecl mozilla::MP4Metadata::Metadata(ByteStream *): Cannot parse metadata: file /builds/worker/checkouts/gecko/dom/media/MediaDecoderStateMachineBase.cpp:167
1719273140621	addons.xpi	ERROR	System addon update list error SyntaxError: XMLHttpRequest.open: 'http://%(server)s/dummy-system-addons.xml' is not a valid URL.
JavaScript error: , line 0: NotFoundError: No such JSProcessActor 'DevToolsProcess'
JavaScript error: , line 0: NotFoundError: No such JSProcessActor 'DevToolsProcess'
JavaScript error: , line 0: NotFoundError: No such JSProcessActor 'DevToolsProcess'
JavaScript error: , line 0: NotFoundError: No such JSProcessActor 'DevToolsProcess'
JavaScript error: , line 0: NotFoundError: No such JSProcessActor 'DevToolsProcess'
JavaScript warning: https://www.youtube.com/s/desktop/252a8b44/jsbin/desktop_polymer.vflset/desktop_polymer.js, line 2685: Script terminated by timeout at:
vq.prototype.transition@https://www.youtube.com/s/desktop/252a8b44/jsbin/desktop_polymer.vflset/desktop_polymer.js:2685:33
MO/<@https://www.youtube.com/s/desktop/252a8b44/jsbin/desktop_polymer.vflset/desktop_polymer.js:11576:114

1719273336826	Marionette	INFO	Stopped listening on port 65392
Dynamically enable window occlusion 1
1719273347996	geckodriver	INFO	Listening on 127.0.0.1:65523
1719273351130	mozrunner::runner	INFO	Running command: "C:\\Program Files\\Mozilla Firefox\\firefox.exe" "--marionette" "-no-remote" "-profile" "C:\\Users\\menez\\AppData\\Local\\Temp\\rust_mozprofileFsgykT"
console.warn: services.settings: Ignoring preference override of remote settings server
console.warn: services.settings: Allow by setting MOZ_REMOTE_SETTINGS_DEVTOOLS=1 in the environment
1719273351929	Marionette	INFO	Marionette enabled
Dynamically enable window occlusion 0
1719273352574	Marionette	INFO	Listening on port 65534
Read port: 65534
1719273352821	RemoteAgent	WARN	TLS certificate errors will be ignored for this session
1719273358869	Marionette	WARN	Ignoring event 'DOMContentLoaded' because document has an invalid readyState of 'complete'.
1719273366163	Marionette	INFO	Stopped listening on port 65534
JavaScript error: https://www.youtube.com/@pythonbrasiloficial?themeRefresh=1, line 12: TypeError: can't access dead object
Dynamically enable window occlusion 1
JavaScript error: https://www.youtube.com/@pythonbrasiloficial?themeRefresh=1, line 12: TypeError: can't access dead object
JavaScript error: https://www.youtube.com/@pythonbrasiloficial?themeRefresh=1, line 12: TypeError: can't access dead object
1719277496369	geckodriver	INFO	Listening on 127.0.0.1:54012
1719277499510	mozrunner::runner	INFO	Running command: "C:\\Program Files\\Mozilla Firefox\\firefox.exe" "--marionette" "-headless" "-no-remote" "-profile" "C:\\Users\\menez\\AppData\\Local\\Temp\\rust_mozprofileY5gigy"
*** You are running in headless mode.
console.warn: services.settings: Ignoring preference override of remote settings server
console.warn: services.settings: Allow by setting MOZ_REMOTE_SETTINGS_DEVTOOLS=1 in the environment
1719277500198	Marionette	INFO	Marionette enabled
Dynamically enable window occlusion 0
1719277500385	Marionette	INFO	Listening on port 54031
Read port: 54031
1719277500648	RemoteAgent	WARN	TLS certificate errors will be ignored for this session
[GFX1-]: RenderCompositorSWGL failed mapping default framebuffer, no dt
console.error: ({})
1719277504476	Marionette	WARN	Ignoring event 'DOMContentLoaded' because document has an invalid readyState of 'complete'.
1719277527663	Marionette	INFO	Stopped listening on port 54031
JavaScript error: https://www.youtube.com/@pythonbrasiloficial?themeRefresh=1, line 12: TypeError: can't access dead object
Dynamically enable window occlusion 1
JavaScript error: https://www.youtube.com/@pythonbrasiloficial?themeRefresh=1, line 12: TypeError: can't access dead object
1719277570483	geckodriver	INFO	Listening on 127.0.0.1:54217
1719277573551	mozrunner::runner	INFO	Running command: "C:\\Program Files\\Mozilla Firefox\\firefox.exe" "--marionette" "-no-remote" "-profile" "C:\\Users\\menez\\AppData\\Local\\Temp\\rust_mozprofilelOMlbD"
console.warn: services.settings: Ignoring preference override of remote settings server
console.warn: services.settings: Allow by setting MOZ_REMOTE_SETTINGS_DEVTOOLS=1 in the environment
1719277574186	Marionette	INFO	Marionette enabled
Dynamically enable window occlusion 0
1719277574638	Marionette	INFO	Listening on port 54240
Read port: 54240
1719277574819	RemoteAgent	WARN	TLS certificate errors will be ignored for this session
1719277579441	Marionette	WARN	Ignoring event 'DOMContentLoaded' because document has an invalid readyState of 'complete'.
1719277601859	Marionette	INFO	Stopped listening on port 54240
JavaScript error: https://www.youtube.com/@pythonbrasiloficial?themeRefresh=1, line 12: TypeError: can't access dead object
JavaScript error: https://www.youtube.com/s/desktop/252a8b44/jsbin/desktop_polymer.vflset/desktop_polymer.js, line 6724: TypeError: can't access dead object
Dynamically enable window occlusion 1
JavaScript error: https://www.youtube.com/@pythonbrasiloficial?themeRefresh=1, line 12: TypeError: can't access dead object
JavaScript error: https://www.youtube.com/@pythonbrasiloficial?themeRefresh=1, line 12: TypeError: can't access dead object
1719277766614	geckodriver	INFO	Listening on 127.0.0.1:54707
1719277769755	mozrunner::runner	INFO	Running command: "C:\\Program Files\\Mozilla Firefox\\firefox.exe" "--marionette" "-no-remote" "-profile" "C:\\Users\\menez\\AppData\\Local\\Temp\\rust_mozprofileALc0TN"
console.warn: services.settings: Ignoring preference override of remote settings server
console.warn: services.settings: Allow by setting MOZ_REMOTE_SETTINGS_DEVTOOLS=1 in the environment
1719277770270	Marionette	INFO	Marionette enabled
Dynamically enable window occlusion 0
1719277770417	Marionette	INFO	Listening on port 54726
Read port: 54726
1719277770617	RemoteAgent	WARN	TLS certificate errors will be ignored for this session
1719277774773	Marionette	WARN	Ignoring event 'DOMContentLoaded' because document has an invalid readyState of 'complete'.
[Child 13228, MediaDecoderStateMachine #1] WARNING: Decoder=1d69dd12800 state=DECODING_METADATA Decode metadata failed, shutting down decoder: file /builds/worker/checkouts/gecko/dom/media/MediaDecoderStateMachine.cpp:372
[Child 13228, MediaDecoderStateMachine #1] WARNING: Decoder=1d69dd12800 Decode error: NS_ERROR_DOM_MEDIA_METADATA_ERR (0x806e0006) - static MP4Metadata::ResultAndByteBuffer __cdecl mozilla::MP4Metadata::Metadata(ByteStream *): Cannot parse metadata: file /builds/worker/checkouts/gecko/dom/media/MediaDecoderStateMachineBase.cpp:167
1719277800299	addons.xpi	ERROR	System addon update list error SyntaxError: XMLHttpRequest.open: 'http://%(server)s/dummy-system-addons.xml' is not a valid URL.
JavaScript warning: https://www.youtube.com/s/desktop/252a8b44/jsbin/desktop_polymer.vflset/desktop_polymer.js, line 2685: Script terminated by timeout at:
vq.prototype.transition@https://www.youtube.com/s/desktop/252a8b44/jsbin/desktop_polymer.vflset/desktop_polymer.js:2685:33
MO/<@https://www.youtube.com/s/desktop/252a8b44/jsbin/desktop_polymer.vflset/desktop_polymer.js:11576:114

1719278092070	Marionette	INFO	Stopped listening on port 54726
Dynamically enable window occlusion 1
nette enabled
Dynamically enable window occlusion 0
1719277817202	Marionette	INFO	Listening on port 54870
Read port: 54870
1719277817415	RemoteAgent	WARN	TLS certificate errors will be ignored for this session
1719277821822	Marionette	WARN	Ignoring event 'DOMContentLoaded' because document has an invalid readyState of 'complete'.
1719277827203	Marionette	INFO	Stopped listening on port 54870
JavaScript warning: https://www.youtube.com/s/desktop/252a8b44/jsbin/desktop_polymer.vflset/desktop_polymer.js, line 1920: Script terminated by timeout at:
Kua@https://www.youtube.com/s/desktop/252a8b44/jsbin/desktop_polymer.vflset/desktop_polymer.js:1920:156
sva@https://www.youtube.com/s/desktop/252a8b44/jsbin/desktop_polymer.vflset/desktop_polymer.js:1989:42
rva/<@https://www.youtube.com/s/desktop/252a8b44/jsbin/desktop_polymer.vflset/desktop_polymer.js:1980:408
ua@https://www.youtube.com/s/desktop/252a8b44/jsbin/desktop_polymer.vflset/desktop_polymer.js:43:401
uaa/this.next@https://www.youtube.com/s/desktop/252a8b44/jsbin/desktop_polymer.vflset/desktop_polymer.js:45:169
b@https://www.youtube.com/s/desktop/252a8b44/jsbin/desktop_polymer.vflset/desktop_polymer.js:49:107

JavaScript error: https://www.youtube.com/@pythonbrasiloficial?themeRefresh=1, line 12: TypeError: can't access dead object
JavaScript error: https://www.youtube.com/@pythonbrasiloficial?themeRefresh=1, line 12: TypeError: can't access dead object
Dynamically enable window occlusion 1
JavaScript error: https://www.youtube.com/@pythonbrasiloficial?themeRefresh=1, line 12: TypeError: can't access dead object
JavaScript error: https://www.youtube.com/@pythonbrasiloficial?themeRefresh=1, line 12: TypeError: can't access dead object
1719359503769	geckodriver	INFO	Listening on 127.0.0.1:55383
1719359506844	mozrunner::runner	INFO	Running command: "C:\\Program Files\\Mozilla Firefox\\firefox.exe" "--marionette" "-no-remote" "-profile" "C:\\Users\\menez\\AppData\\Local\\Temp\\rust_mozprofileJ4Rs3K"
console.warn: services.settings: Ignoring preference override of remote settings server
console.warn: services.settings: Allow by setting MOZ_REMOTE_SETTINGS_DEVTOOLS=1 in the environment
1719359507286	Marionette	INFO	Marionette enabled
Dynamically enable window occlusion 0
1719359507651	Marionette	INFO	Listening on port 55398
Read port: 55398
1719359507813	RemoteAgent	WARN	TLS certificate errors will be ignored for this session
1719359511529	Marionette	WARN	Ignoring event 'DOMContentLoaded' because document has an invalid readyState of 'complete'.
1719359516713	Marionette	INFO	Stopped listening on port 55398
JavaScript error: https://www.youtube.com/@pythonbrasiloficial?themeRefresh=1, line 12: TypeError: can't access dead object
Dynamically enable window occlusion 1
JavaScript error: https://www.youtube.com/@pythonbrasiloficial?themeRefresh=1, line 12: TypeError: can't access dead object
1719359609460	geckodriver	INFO	Listening on 127.0.0.1:55513
1719359612565	mozrunner::runner	INFO	Running command: "C:\\Program Files\\Mozilla Firefox\\firefox.exe" "--marionette" "-no-remote" "-profile" "C:\\Users\\menez\\AppData\\Local\\Temp\\rust_mozprofile9LHeqs"
console.warn: services.settings: Ignoring preference override of remote settings server
console.warn: services.settings: Allow by setting MOZ_REMOTE_SETTINGS_DEVTOOLS=1 in the environment
1719359613059	Marionette	INFO	Marionette enabled
Dynamically enable window occlusion 0
1719359613399	Marionette	INFO	Listening on port 55525
Read port: 55525
1719359613559	RemoteAgent	WARN	TLS certificate errors will be ignored for this session
1719359617063	Marionette	WARN	Ignoring event 'DOMContentLoaded' because document has an invalid readyState of 'complete'.
1719359622549	Marionette	INFO	Stopped listening on port 55525
JavaScript warning: https://www.youtube.com/s/desktop/49be3691/jsbin/desktop_polymer.vflset/desktop_polymer.js, line 1779: Script terminated by timeout at:
hta/this.done</<@https://www.youtube.com/s/desktop/49be3691/jsbin/desktop_polymer.vflset/desktop_polymer.js:1779:177

JavaScript error: https://www.youtube.com/@pythonbrasiloficial?themeRefresh=1, line 12: TypeError: can't access dead object
JavaScript error: https://www.youtube.com/@pythonbrasiloficial?themeRefresh=1, line 12: TypeError: can't access dead object
JavaScript error: https://www.youtube.com/@pythonbrasiloficial?themeRefresh=1, line 12: TypeError: can't access dead object
Dynamically enable window occlusion 1
JavaScript error: https://www.youtube.com/@pythonbrasiloficial?themeRefresh=1, line 12: TypeError: can't access dead object
1719359681617	geckodriver	INFO	Listening on 127.0.0.1:55637
1719359684712	mozrunner::runner	INFO	Running command: "C:\\Program Files\\Mozilla Firefox\\firefox.exe" "--marionette" "-no-remote" "-profile" "C:\\Users\\menez\\AppData\\Local\\Temp\\rust_mozprofile6Oz0C3"
console.warn: services.settings: Ignoring preference override of remote settings server
console.warn: services.settings: Allow by setting MOZ_REMOTE_SETTINGS_DEVTOOLS=1 in the environment
1719359685120	Marionette	INFO	Marionette enabled
Dynamically enable window occlusion 0
1719359685458	Marionette	INFO	Listening on port 55649
Read port: 55649
1719359685618	RemoteAgent	WARN	TLS certificate errors will be ignored for this session
1719359689305	Marionette	WARN	Ignoring event 'DOMContentLoaded' because document has an invalid readyState of 'complete'.
[Child 5488, MediaDecoderStateMachine #1] WARNING: Decoder=23b17141000 state=DECODING_METADATA Decode metadata failed, shutting down decoder: file /builds/worker/checkouts/gecko/dom/media/MediaDecoderStateMachine.cpp:372
[Child 5488, MediaDecoderStateMachine #1] WARNING: Decoder=23b17141000 Decode error: NS_ERROR_DOM_MEDIA_METADATA_ERR (0x806e0006) - static MP4Metadata::ResultAndByteBuffer __cdecl mozilla::MP4Metadata::Metadata(ByteStream *): Cannot parse metadata: file /builds/worker/checkouts/gecko/dom/media/MediaDecoderStateMachineBase.cpp:167
1719359701515	Marionette	INFO	Stopped listening on port 55649
JavaScript warning: https://www.youtube.com/s/desktop/49be3691/jsbin/desktop_polymer.vflset/desktop_polymer.js, line 1779: Script terminated by timeout at:
hta/this.done</<@https://www.youtube.com/s/desktop/49be3691/jsbin/desktop_polymer.vflset/desktop_polymer.js:1779:177

Dynamically enable window occlusion 1
JavaScript error: https://www.youtube.com/@pythonbrasiloficial?themeRefresh=1, line 12: TypeError: can't access dead object
1719359759915	geckodriver	INFO	Listening on 127.0.0.1:55739
1719359763058	mozrunner::runner	INFO	Running command: "C:\\Program Files\\Mozilla Firefox\\firefox.exe" "--marionette" "-no-remote" "-profile" "C:\\Users\\menez\\AppData\\Local\\Temp\\rust_mozprofileDC1dlX"
console.warn: services.settings: Ignoring preference override of remote settings server
console.warn: services.settings: Allow by setting MOZ_REMOTE_SETTINGS_DEVTOOLS=1 in the environment
1719359763444	Marionette	INFO	Marionette enabled
Dynamically enable window occlusion 0
1719359763780	Marionette	INFO	Listening on port 55751
Read port: 55751
1719359763941	RemoteAgent	WARN	TLS certificate errors will be ignored for this session
1719359767519	Marionette	WARN	Ignoring event 'DOMContentLoaded' because document has an invalid readyState of 'complete'.
1719359772270	Marionette	INFO	Stopped listening on port 55751
JavaScript warning: https://www.youtube.com/s/desktop/49be3691/jsbin/desktop_polymer.vflset/desktop_polymer.js, line 1447: Script terminated by timeout at:
Al/<@https://www.youtube.com/s/desktop/49be3691/jsbin/desktop_polymer.vflset/desktop_polymer.js:1447:47

Dynamically enable window occlusion 1
JavaScript error: https://www.youtube.com/@pythonbrasiloficial?themeRefresh=1, line 12: TypeError: can't access dead object
1719359811575	geckodriver	INFO	Listening on 127.0.0.1:55836
1719359814710	mozrunner::runner	INFO	Running command: "C:\\Program Files\\Mozilla Firefox\\firefox.exe" "--marionette" "-no-remote" "-profile" "C:\\Users\\menez\\AppData\\Local\\Temp\\rust_mozprofilejoOaDs"
console.warn: services.settings: Ignoring preference override of remote settings server
console.warn: services.settings: Allow by setting MOZ_REMOTE_SETTINGS_DEVTOOLS=1 in the environment
1719359815170	Marionette	INFO	Marionette enabled
Dynamically enable window occlusion 0
1719359815506	Marionette	INFO	Listening on port 55848
Read port: 55848
1719359815647	RemoteAgent	WARN	TLS certificate errors will be ignored for this session
1719359819366	Marionette	WARN	Ignoring event 'DOMContentLoaded' because document has an invalid readyState of 'complete'.
1719359824252	Marionette	INFO	Stopped listening on port 55848
Dynamically enable window occlusion 1
JavaScript error: https://www.youtube.com/@pythonbrasiloficial?themeRefresh=1, line 12: TypeError: can't access dead object
1719360058529	geckodriver	INFO	Listening on 127.0.0.1:56026
1719360061665	mozrunner::runner	INFO	Running command: "C:\\Program Files\\Mozilla Firefox\\firefox.exe" "--marionette" "-no-remote" "-profile" "C:\\Users\\menez\\AppData\\Local\\Temp\\rust_mozprofileCtFGxc"
console.warn: services.settings: Ignoring preference override of remote settings server
console.warn: services.settings: Allow by setting MOZ_REMOTE_SETTINGS_DEVTOOLS=1 in the environment
1719360062134	Marionette	INFO	Marionette enabled
Dynamically enable window occlusion 0
1719360062537	Marionette	INFO	Listening on port 56039
Read port: 56039
1719360062716	RemoteAgent	WARN	TLS certificate errors will be ignored for this session
1719360066441	Marionette	WARN	Ignoring event 'DOMContentLoaded' because document has an invalid readyState of 'complete'.
1719360071506	Marionette	INFO	Stopped listening on port 56039
JavaScript error: https://www.youtube.com/@pythonbrasiloficial?themeRefresh=1, line 12: TypeError: can't access dead object
Dynamically enable window occlusion 1
JavaScript error: https://www.youtube.com/@pythonbrasiloficial?themeRefresh=1, line 12: TypeError: can't access dead object
1719360444062	geckodriver	INFO	Listening on 127.0.0.1:56415
1719360447192	mozrunner::runner	INFO	Running command: "C:\\Program Files\\Mozilla Firefox\\firefox.exe" "--marionette" "-headless" "-no-remote" "-profile" "C:\\Users\\menez\\AppData\\Local\\Temp\\rust_mozprofilenBbDEa"
*** You are running in headless mode.
console.warn: services.settings: Ignoring preference override of remote settings server
console.warn: services.settings: Allow by setting MOZ_REMOTE_SETTINGS_DEVTOOLS=1 in the environment
1719360447561	Marionette	INFO	Marionette enabled
Dynamically enable window occlusion 0
1719360447648	Marionette	INFO	Listening on port 56427
Read port: 56427
1719360447801	RemoteAgent	WARN	TLS certificate errors will be ignored for this session
[GFX1-]: RenderCompositorSWGL failed mapping default framebuffer, no dt
console.error: ({})
1719360450874	Marionette	WARN	Ignoring event 'DOMContentLoaded' because document has an invalid readyState of 'complete'.
1719360454842	Marionette	INFO	Stopped listening on port 56427
JavaScript warning: https://www.youtube.com/s/desktop/49be3691/jsbin/desktop_polymer.vflset/desktop_polymer.js, line 44: Script terminated by timeout at:
uaa/this.next@https://www.youtube.com/s/desktop/49be3691/jsbin/desktop_polymer.vflset/desktop_polymer.js:44:439
b@https://www.youtube.com/s/desktop/49be3691/jsbin/desktop_polymer.vflset/desktop_polymer.js:49:107

JavaScript error: https://www.youtube.com/@pythonbrasiloficial?themeRefresh=1, line 12: TypeError: can't access dead object
JavaScript error: https://www.youtube.com/@pythonbrasiloficial?themeRefresh=1, line 12: TypeError: can't access dead object
JavaScript error: https://www.youtube.com/@pythonbrasiloficial?themeRefresh=1, line 12: TypeError: can't access dead object
JavaScript error: https://www.youtube.com/@pythonbrasiloficial?themeRefresh=1, line 12: TypeError: can't access dead object
JavaScript error: https://www.youtube.com/s/player/61b3b5e4/player_ias.vflset/en_US/base.js, line 856: TypeError: can't access dead object
JavaScript error: https://www.youtube.com/s/player/61b3b5e4/player_ias.vflset/en_US/base.js, line 856: TypeError: can't access dead object
JavaScript error: https://www.youtube.com/@pythonbrasiloficial?themeRefresh=1, line 12: TypeError: can't access dead object
Dynamically enable window occlusion 1
JavaScript error: https://www.youtube.com/@pythonbrasiloficial?themeRefresh=1, line 12: TypeError: can't access dead object
1719360777162	geckodriver	INFO	Listening on 127.0.0.1:56729
1719360780289	mozrunner::runner	INFO	Running command: "C:\\Program Files\\Mozilla Firefox\\firefox.exe" "--marionette" "-headless" "-no-remote" "-profile" "C:\\Users\\menez\\AppData\\Local\\Temp\\rust_mozprofilePt6r6H"
*** You are running in headless mode.
console.warn: services.settings: Ignoring preference override of remote settings server
console.warn: services.settings: Allow by setting MOZ_REMOTE_SETTINGS_DEVTOOLS=1 in the environment
1719360780612	Marionette	INFO	Marionette enabled
Dynamically enable window occlusion 0
1719360780702	Marionette	INFO	Listening on port 56742
Read port: 56742
1719360780862	RemoteAgent	WARN	TLS certificate errors will be ignored for this session
[GFX1-]: RenderCompositorSWGL failed mapping default framebuffer, no dt
console.error: ({})
1719360783851	Marionette	WARN	Ignoring event 'DOMContentLoaded' because document has an invalid readyState of 'complete'.
1719360787847	Marionette	INFO	Stopped listening on port 56742
JavaScript error: https://www.youtube.com/@pythonbrasiloficial?themeRefresh=1, line 12: TypeError: can't access dead object
JavaScript error: https://www.youtube.com/@pythonbrasiloficial?themeRefresh=1, line 12: TypeError: can't access dead object
JavaScript error: https://www.youtube.com/@pythonbrasiloficial?themeRefresh=1, line 12: TypeError: can't access dead object
JavaScript error: https://www.youtube.com/@pythonbrasiloficial?themeRefresh=1, line 12: TypeError: can't access dead object
JavaScript error: https://www.youtube.com/@pythonbrasiloficial?themeRefresh=1, line 12: TypeError: can't access dead object
JavaScript error: https://www.youtube.com/s/player/61b3b5e4/player_ias.vflset/en_US/base.js, line 856: TypeError: can't access dead object
JavaScript error: https://www.youtube.com/s/player/61b3b5e4/player_ias.vflset/en_US/base.js, line 856: TypeError: can't access dead object
JavaScript error: https://www.youtube.com/@pythonbrasiloficial?themeRefresh=1, line 12: TypeError: can't access dead object
Dynamically enable window occlusion 1
JavaScript error: https://www.youtube.com/@pythonbrasiloficial?themeRefresh=1, line 12: TypeError: can't access dead object
