1719450539752	geckodriver	INFO	Listening on 127.0.0.1:50976
1719450542900	mozrunner::runner	INFO	Running command: "C:\\Program Files\\Mozilla Firefox\\firefox.exe" "--marionette" "-no-remote" "-profile" "C:\\Users\\menez\\AppData\\Local\\Temp\\rust_mozprofilesAOB67"
console.warn: services.settings: Ignoring preference override of remote settings server
console.warn: services.settings: Allow by setting MOZ_REMOTE_SETTINGS_DEVTOOLS=1 in the environment
1719450543499	Marionette	INFO	Marionette enabled
Dynamically enable window occlusion 0
1719450543942	Marionette	INFO	Listening on port 50989
Read port: 50989
1719450544169	RemoteAgent	WARN	TLS certificate errors will be ignored for this session
1719450573547	addons.xpi	ERROR	System addon update list error SyntaxError: XMLHttpRequest.open: 'http://%(server)s/dummy-system-addons.xml' is not a valid URL.
1719451053903	Marionette	INFO	Stopped listening on port 50989
Dynamically enable window occlusion 1
ng command: "C:\\Program Files\\Mozilla Firefox\\firefox.exe" "--marionette" "-no-remote" "-profile" "C:\\Users\\menez\\AppData\\Local\\Temp\\rust_mozprofileMEHy2p"
console.warn: services.settings: Ignoring preference override of remote settings server
console.warn: services.settings: Allow by setting MOZ_REMOTE_SETTINGS_DEVTOOLS=1 in the environment
1719450580673	Marionette	INFO	Marionette enabled
Dynamically enable window occlusion 0
1719450580793	Marionette	INFO	Listening on port 51055
Read port: 51055
1719450580978	RemoteAgent	WARN	TLS certificate errors will be ignored for this session
1719450610709	addons.xpi	ERROR	System addon update list error SyntaxError: XMLHttpRequest.open: 'http://%(server)s/dummy-system-addons.xml' is not a valid URL.
console.warn: LoginRecipes: "Falling back to a synchronous message for: https://uibank.uipath.com."
console.warn: LoginRecipes: "Falling back to a synchronous message for: https://uibank.uipath.com."
Exiting due to channel error.
Exiting due to channel error.
1719451870525	geckodriver	INFO	Listening on 127.0.0.1:51632
1719451873663	mozrunner::runner	INFO	Running command: "C:\\Program Files\\Mozilla Firefox\\firefox.exe" "--marionette" "-no-remote" "-profile" "C:\\Users\\menez\\AppData\\Local\\Temp\\rust_mozprofileljOnPG"
console.warn: services.settings: Ignoring preference override of remote settings server
console.warn: services.settings: Allow by setting MOZ_REMOTE_SETTINGS_DEVTOOLS=1 in the environment
1719451874219	Marionette	INFO	Marionette enabled
Dynamically enable window occlusion 0
1719451874592	Marionette	INFO	Listening on port 51643
Read port: 51643
1719451874776	RemoteAgent	WARN	TLS certificate errors will be ignored for this session
1719451904246	addons.xpi	ERROR	System addon update list error SyntaxError: XMLHttpRequest.open: 'http://%(server)s/dummy-system-addons.xml' is not a valid URL.
1719452089133	Marionette	INFO	Stopped listening on port 51643
Dynamically enable window occlusion 1
1719452096130	geckodriver	INFO	Listening on 127.0.0.1:51770
1719452099265	mozrunner::runner	INFO	Running command: "C:\\Program Files\\Mozilla Firefox\\firefox.exe" "--marionette" "-no-remote" "-profile" "C:\\Users\\menez\\AppData\\Local\\Temp\\rust_mozprofilepesEFG"
console.warn: services.settings: Ignoring preference override of remote settings server
console.warn: services.settings: Allow by setting MOZ_REMOTE_SETTINGS_DEVTOOLS=1 in the environment
1719452099832	Marionette	INFO	Marionette enabled
Dynamically enable window occlusion 0
1719452100238	Marionette	INFO	Listening on port 51781
Read port: 51781
1719452100423	RemoteAgent	WARN	TLS certificate errors will be ignored for this session
1719452114245	Marionette	INFO	Stopped listening on port 51781
Dynamically enable window occlusion 1
1719452266668	geckodriver	INFO	Listening on 127.0.0.1:51871
1719452269807	mozrunner::runner	INFO	Running command: "C:\\Program Files\\Mozilla Firefox\\firefox.exe" "--marionette" "-no-remote" "-profile" "C:\\Users\\menez\\AppData\\Local\\Temp\\rust_mozprofilexrZWSi"
console.warn: services.settings: Ignoring preference override of remote settings server
console.warn: services.settings: Allow by setting MOZ_REMOTE_SETTINGS_DEVTOOLS=1 in the environment
1719452270218	Marionette	INFO	Marionette enabled
Dynamically enable window occlusion 0
1719452270575	Marionette	INFO	Listening on port 51882
Read port: 51882
1719452270774	RemoteAgent	WARN	TLS certificate errors will be ignored for this session
1719452300250	addons.xpi	ERROR	System addon update list error SyntaxError: XMLHttpRequest.open: 'http://%(server)s/dummy-system-addons.xml' is not a valid URL.
1719452486231	Marionette	INFO	Stopped listening on port 51882
Dynamically enable window occlusion 1
1719452488780	geckodriver	INFO	Listening on 127.0.0.1:51965
1719452491889	mozrunner::runner	INFO	Running command: "C:\\Program Files\\Mozilla Firefox\\firefox.exe" "--marionette" "-no-remote" "-profile" "C:\\Users\\menez\\AppData\\Local\\Temp\\rust_mozprofilerZZQkb"
console.warn: services.settings: Ignoring preference override of remote settings server
console.warn: services.settings: Allow by setting MOZ_REMOTE_SETTINGS_DEVTOOLS=1 in the environment
1719452492312	Marionette	INFO	Marionette enabled
Dynamically enable window occlusion 0
1719452492648	Marionette	INFO	Listening on port 51976
Read port: 51976
1719452492812	RemoteAgent	WARN	TLS certificate errors will be ignored for this session
1719452496212	Marionette	INFO	Stopped listening on port 51976
Dynamically enable window occlusion 1
1719452585760	geckodriver	INFO	Listening on 127.0.0.1:52045
1719452588910	mozrunner::runner	INFO	Running command: "C:\\Program Files\\Mozilla Firefox\\firefox.exe" "--marionette" "-no-remote" "-profile" "C:\\Users\\menez\\AppData\\Local\\Temp\\rust_mozprofilegc3S9T"
console.warn: services.settings: Ignoring preference override of remote settings server
console.warn: services.settings: Allow by setting MOZ_REMOTE_SETTINGS_DEVTOOLS=1 in the environment
1719452589300	Marionette	INFO	Marionette enabled
Dynamically enable window occlusion 0
1719452589647	Marionette	INFO	Listening on port 52057
Read port: 52057
1719452589806	RemoteAgent	WARN	TLS certificate errors will be ignored for this session
1719452596516	Marionette	INFO	Stopped listening on port 52057
Dynamically enable window occlusion 1
1719452798999	geckodriver	INFO	Listening on 127.0.0.1:52135
1719452802130	mozrunner::runner	INFO	Running command: "C:\\Program Files\\Mozilla Firefox\\firefox.exe" "--marionette" "-no-remote" "-profile" "C:\\Users\\menez\\AppData\\Local\\Temp\\rust_mozprofileJzfXHL"
console.warn: services.settings: Ignoring preference override of remote settings server
console.warn: services.settings: Allow by setting MOZ_REMOTE_SETTINGS_DEVTOOLS=1 in the environment
1719452802547	Marionette	INFO	Marionette enabled
Dynamically enable window occlusion 0
1719452802883	Marionette	INFO	Listening on port 52146
Read port: 52146
1719452803053	RemoteAgent	WARN	TLS certificate errors will be ignored for this session
1719452832599	addons.xpi	ERROR	System addon update list error SyntaxError: XMLHttpRequest.open: 'http://%(server)s/dummy-system-addons.xml' is not a valid URL.
1719453523832	Marionette	INFO	Stopped listening on port 52146
Dynamically enable window occlusion 1
ng command: "C:\\Program Files\\Mozilla Firefox\\firefox.exe" "--marionette" "-no-remote" "-profile" "C:\\Users\\menez\\AppData\\Local\\Temp\\rust_mozprofilephIQPM"
console.warn: services.settings: Ignoring preference override of remote settings server
console.warn: services.settings: Allow by setting MOZ_REMOTE_SETTINGS_DEVTOOLS=1 in the environment
1719452865961	Marionette	INFO	Marionette enabled
Dynamically enable window occlusion 0
1719452866089	Marionette	INFO	Listening on port 52213
Read port: 52213
1719452866288	RemoteAgent	WARN	TLS certificate errors will be ignored for this session
1719452895995	addons.xpi	ERROR	System addon update list error SyntaxError: XMLHttpRequest.open: 'http://%(server)s/dummy-system-addons.xml' is not a valid URL.
1719453524870	Marionette	INFO	Stopped listening on port 52213
Dynamically enable window occlusion 1
ng command: "C:\\Program Files\\Mozilla Firefox\\firefox.exe" "--marionette" "-no-remote" "-profile" "C:\\Users\\menez\\AppData\\Local\\Temp\\rust_mozprofilewtijSi"
console.warn: services.settings: Ignoring preference override of remote settings server
console.warn: services.settings: Allow by setting MOZ_REMOTE_SETTINGS_DEVTOOLS=1 in the environment
1719452989910	Marionette	INFO	Marionette enabled
Dynamically enable window occlusion 0
1719452990056	Marionette	INFO	Listening on port 52315
Read port: 52315
1719452990210	RemoteAgent	WARN	TLS certificate errors will be ignored for this session
1719453019946	addons.xpi	ERROR	System addon update list error SyntaxError: XMLHttpRequest.open: 'http://%(server)s/dummy-system-addons.xml' is not a valid URL.
1719453418902	Marionette	INFO	Stopped listening on port 52315
Dynamically enable window occlusion 1
1719453429534	geckodriver	INFO	Listening on 127.0.0.1:52477
1719453432629	mozrunner::runner	INFO	Running command: "C:\\Program Files\\Mozilla Firefox\\firefox.exe" "--marionette" "-no-remote" "-profile" "C:\\Users\\menez\\AppData\\Local\\Temp\\rust_mozprofilebKfvuT"
console.warn: services.settings: Ignoring preference override of remote settings server
console.warn: services.settings: Allow by setting MOZ_REMOTE_SETTINGS_DEVTOOLS=1 in the environment
1719453433089	Marionette	INFO	Marionette enabled
Dynamically enable window occlusion 0
1719453433215	Marionette	INFO	Listening on port 52488
Read port: 52488
1719453433373	RemoteAgent	WARN	TLS certificate errors will be ignored for this session
1719453453060	Marionette	INFO	Stopped listening on port 52488
Dynamically enable window occlusion 1
1719453536992	geckodriver	INFO	Listening on 127.0.0.1:52550
1719453540070	mozrunner::runner	INFO	Running command: "C:\\Program Files\\Mozilla Firefox\\firefox.exe" "--marionette" "-no-remote" "-profile" "C:\\Users\\menez\\AppData\\Local\\Temp\\rust_mozprofileXGwvr9"
console.warn: services.settings: Ignoring preference override of remote settings server
console.warn: services.settings: Allow by setting MOZ_REMOTE_SETTINGS_DEVTOOLS=1 in the environment
1719453540524	Marionette	INFO	Marionette enabled
Dynamically enable window occlusion 0
1719453540869	Marionette	INFO	Listening on port 52561
Read port: 52561
1719453541037	RemoteAgent	WARN	TLS certificate errors will be ignored for this session
1719453570558	addons.xpi	ERROR	System addon update list error SyntaxError: XMLHttpRequest.open: 'http://%(server)s/dummy-system-addons.xml' is not a valid URL.
console.warn: LoginRecipes: "Falling back to a synchronous message for: https://uibank.uipath.com."
1719453987844	Marionette	INFO	Stopped listening on port 52561
Dynamically enable window occlusion 1
ng command: "C:\\Program Files\\Mozilla Firefox\\firefox.exe" "--marionette" "-no-remote" "-profile" "C:\\Users\\menez\\AppData\\Local\\Temp\\rust_mozprofileYDsiVD"
console.warn: services.settings: Ignoring preference override of remote settings server
console.warn: services.settings: Allow by setting MOZ_REMOTE_SETTINGS_DEVTOOLS=1 in the environment
1719453662107	Marionette	INFO	Marionette enabled
Dynamically enable window occlusion 0
1719453662260	Marionette	INFO	Listening on port 52648
Read port: 52648
1719453662427	RemoteAgent	WARN	TLS certificate errors will be ignored for this session
1719453682296	Marionette	INFO	Stopped listening on port 52648
Dynamically enable window occlusion 1
1719453763350	geckodriver	INFO	Listening on 127.0.0.1:52716
1719453766415	mozrunner::runner	INFO	Running command: "C:\\Program Files\\Mozilla Firefox\\firefox.exe" "--marionette" "-no-remote" "-profile" "C:\\Users\\menez\\AppData\\Local\\Temp\\rust_mozprofileToSltZ"
console.warn: services.settings: Ignoring preference override of remote settings server
console.warn: services.settings: Allow by setting MOZ_REMOTE_SETTINGS_DEVTOOLS=1 in the environment
1719453766868	Marionette	INFO	Marionette enabled
Dynamically enable window occlusion 0
1719453767015	Marionette	INFO	Listening on port 52727
Read port: 52727
1719453767247	RemoteAgent	WARN	TLS certificate errors will be ignored for this session
1719453796906	addons.xpi	ERROR	System addon update list error SyntaxError: XMLHttpRequest.open: 'http://%(server)s/dummy-system-addons.xml' is not a valid URL.
JavaScript error: resource://gre/modules/AsyncShutdown.sys.mjs, line 569: NotFoundError: No such JSProcessActor 'DevToolsProcess'
JavaScript error: resource://gre/modules/AsyncShutdown.sys.mjs, line 569: NotFoundError: No such JSProcessActor 'DevToolsProcess'
JavaScript error: resource://gre/modules/AsyncShutdown.sys.mjs, line 569: NotFoundError: No such JSProcessActor 'DevToolsProcess'
1719453987323	Marionette	INFO	Stopped listening on port 52727
Dynamically enable window occlusion 1
1719454055867	geckodriver	INFO	Listening on 127.0.0.1:52831
1719454058988	mozrunner::runner	INFO	Running command: "C:\\Program Files\\Mozilla Firefox\\firefox.exe" "--marionette" "-no-remote" "-profile" "C:\\Users\\menez\\AppData\\Local\\Temp\\rust_mozprofileHZSg2C"
console.warn: services.settings: Ignoring preference override of remote settings server
console.warn: services.settings: Allow by setting MOZ_REMOTE_SETTINGS_DEVTOOLS=1 in the environment
1719454059413	Marionette	INFO	Marionette enabled
Dynamically enable window occlusion 0
1719454059750	Marionette	INFO	Listening on port 52842
Read port: 52842
1719454059914	RemoteAgent	WARN	TLS certificate errors will be ignored for this session
1719454089448	addons.xpi	ERROR	System addon update list error SyntaxError: XMLHttpRequest.open: 'http://%(server)s/dummy-system-addons.xml' is not a valid URL.
JavaScript error: , line 0: NotFoundError: No such JSProcessActor 'DevToolsProcess'
JavaScript error: , line 0: NotFoundError: No such JSProcessActor 'DevToolsProcess'
JavaScript error: , line 0: NotFoundError: No such JSProcessActor 'DevToolsProcess'
1719454861084	Marionette	INFO	Stopped listening on port 52842
Dynamically enable window occlusion 1
onsole.warn: services.settings: Allow by setting MOZ_REMOTE_SETTINGS_DEVTOOLS=1 in the environment
1719454312012	Marionette	INFO	Marionette enabled
Dynamically enable window occlusion 0
1719454312138	Marionette	INFO	Listening on port 52918
Read port: 52918
1719454312319	RemoteAgent	WARN	TLS certificate errors will be ignored for this session
1719454321668	Marionette	INFO	Stopped listening on port 52918
Dynamically enable window occlusion 1
1719454352111	geckodriver	INFO	Listening on 127.0.0.1:52971
1719454355200	mozrunner::runner	INFO	Running command: "C:\\Program Files\\Mozilla Firefox\\firefox.exe" "--marionette" "-no-remote" "-profile" "C:\\Users\\menez\\AppData\\Local\\Temp\\rust_mozprofileZOMP3Y"
console.warn: services.settings: Ignoring preference override of remote settings server
console.warn: services.settings: Allow by setting MOZ_REMOTE_SETTINGS_DEVTOOLS=1 in the environment
1719454355511	Marionette	INFO	Marionette enabled
Dynamically enable window occlusion 0
1719454355648	Marionette	INFO	Listening on port 52982
Read port: 52982
1719454355825	RemoteAgent	WARN	TLS certificate errors will be ignored for this session
1719454365871	Marionette	INFO	Stopped listening on port 52982
Dynamically enable window occlusion 1
1719454546584	geckodriver	INFO	Listening on 127.0.0.1:53047
1719454549691	mozrunner::runner	INFO	Running command: "C:\\Program Files\\Mozilla Firefox\\firefox.exe" "--marionette" "-no-remote" "-profile" "C:\\Users\\menez\\AppData\\Local\\Temp\\rust_mozprofileSTnByn"
console.warn: services.settings: Ignoring preference override of remote settings server
console.warn: services.settings: Allow by setting MOZ_REMOTE_SETTINGS_DEVTOOLS=1 in the environment
1719454549995	Marionette	INFO	Marionette enabled
Dynamically enable window occlusion 0
1719454550113	Marionette	INFO	Listening on port 53057
Read port: 53057
1719454550298	RemoteAgent	WARN	TLS certificate errors will be ignored for this session
console.warn: LoginRecipes: "Falling back to a synchronous message for: https://uibank.uipath.com."
1719454580036	addons.xpi	ERROR	System addon update list error SyntaxError: XMLHttpRequest.open: 'http://%(server)s/dummy-system-addons.xml' is not a valid URL.
console.warn: LoginRecipes: "Falling back to a synchronous message for: https://uibank.uipath.com."
1719454869218	Marionette	INFO	Stopped listening on port 53057
Dynamically enable window occlusion 1
ng command: "C:\\Program Files\\Mozilla Firefox\\firefox.exe" "--marionette" "-no-remote" "-profile" "C:\\Users\\menez\\AppData\\Local\\Temp\\rust_mozprofileoNsM4B"
console.warn: services.settings: Ignoring preference override of remote settings server
console.warn: services.settings: Allow by setting MOZ_REMOTE_SETTINGS_DEVTOOLS=1 in the environment
1719454747301	Marionette	INFO	Marionette enabled
Dynamically enable window occlusion 0
1719454747422	Marionette	INFO	Listening on port 53158
Read port: 53158
1719454747617	RemoteAgent	WARN	TLS certificate errors will be ignored for this session
console.warn: LoginRecipes: "Falling back to a synchronous message for: https://uibank.uipath.com."
1719454777334	addons.xpi	ERROR	System addon update list error SyntaxError: XMLHttpRequest.open: 'http://%(server)s/dummy-system-addons.xml' is not a valid URL.
1719454862724	Marionette	INFO	Stopped listening on port 53158
Dynamically enable window occlusion 1
ng command: "C:\\Program Files\\Mozilla Firefox\\firefox.exe" "--marionette" "-no-remote" "-profile" "C:\\Users\\menez\\AppData\\Local\\Temp\\rust_mozprofileMXtGYd"
console.warn: services.settings: Ignoring preference override of remote settings server
console.warn: services.settings: Allow by setting MOZ_REMOTE_SETTINGS_DEVTOOLS=1 in the environment
1719454832090	Marionette	INFO	Marionette enabled
Dynamically enable window occlusion 0
1719454832220	Marionette	INFO	Listening on port 53229
Read port: 53229
1719454832435	RemoteAgent	WARN	TLS certificate errors will be ignored for this session
console.warn: LoginRecipes: "Falling back to a synchronous message for: https://uibank.uipath.com."
1719454862118	addons.xpi	ERROR	System addon update list error SyntaxError: XMLHttpRequest.open: 'http://%(server)s/dummy-system-addons.xml' is not a valid URL.
1719454863768	Marionette	INFO	Stopped listening on port 53229
Dynamically enable window occlusion 1
console.error: services.settings: 
  main/normandy-recipes-capabilities Signature failed  TypeError: NetworkError: Network request failed
console.error: services.settings: 
  Message: NetworkError: Network error: TypeError: NetworkError: Network request failed
  Stack:
    APIError@resource://services-settings/RemoteSettingsClient.sys.mjs:107:1
NetworkError@resource://services-settings/RemoteSettingsClient.sys.mjs:111:5
_adjustedError@resource://services-settings/RemoteSettingsClient.sys.mjs:912:14
maybeSync@resource://services-settings/RemoteSettingsClient.sys.mjs:817:38

console.warn: services.settings: main/sites-classification sync interrupted by shutdown
console.warn: services.settings: main/anti-tracking-url-decoration sync interrupted by shutdown
console.error: (new AbortError("IndexedDB: main/windows-default-browser-agent getLastModified() IndexedDB:  execute() A request was aborted, for example through a call to IDBTransaction.abort.", "resource://services-settings/IDBHelpers.sys.mjs", 16))
1719454873206	geckodriver	INFO	Listening on 127.0.0.1:53284
1719454876338	mozrunner::runner	INFO	Running command: "C:\\Program Files\\Mozilla Firefox\\firefox.exe" "--marionette" "-no-remote" "-profile" "C:\\Users\\menez\\AppData\\Local\\Temp\\rust_mozprofilea1XDaA"
console.warn: services.settings: Ignoring preference override of remote settings server
console.warn: services.settings: Allow by setting MOZ_REMOTE_SETTINGS_DEVTOOLS=1 in the environment
1719454876892	Marionette	INFO	Marionette enabled
Dynamically enable window occlusion 0
1719454877232	Marionette	INFO	Listening on port 53297
Read port: 53297
1719454877387	RemoteAgent	WARN	TLS certificate errors will be ignored for this session
console.warn: LoginRecipes: "Falling back to a synchronous message for: https://uibank.uipath.com."
1719454906922	addons.xpi	ERROR	System addon update list error SyntaxError: XMLHttpRequest.open: 'http://%(server)s/dummy-system-addons.xml' is not a valid URL.
1719455608247	Marionette	INFO	Stopped listening on port 53297
Dynamically enable window occlusion 1
ng command: "C:\\Program Files\\Mozilla Firefox\\firefox.exe" "--marionette" "-no-remote" "-profile" "C:\\Users\\menez\\AppData\\Local\\Temp\\rust_mozprofilee0Yv9p"
console.warn: services.settings: Ignoring preference override of remote settings server
console.warn: services.settings: Allow by setting MOZ_REMOTE_SETTINGS_DEVTOOLS=1 in the environment
1719455250830	Marionette	INFO	Marionette enabled
Dynamically enable window occlusion 0
1719455250943	Marionette	INFO	Listening on port 53398
Read port: 53398
1719455251137	RemoteAgent	WARN	TLS certificate errors will be ignored for this session
console.warn: LoginRecipes: "Falling back to a synchronous message for: https://uibank.uipath.com."
1719455280857	addons.xpi	ERROR	System addon update list error SyntaxError: XMLHttpRequest.open: 'http://%(server)s/dummy-system-addons.xml' is not a valid URL.
JavaScript error: resource://gre/modules/AsyncShutdown.sys.mjs, line 569: NotFoundError: No such JSProcessActor 'DevToolsProcess'
JavaScript error: resource://gre/modules/AsyncShutdown.sys.mjs, line 569: NotFoundError: No such JSProcessActor 'DevToolsProcess'
JavaScript error: resource://gre/modules/AsyncShutdown.sys.mjs, line 569: NotFoundError: No such JSProcessActor 'DevToolsProcess'
1719457098216	Marionette	INFO	Stopped listening on port 53398
Dynamically enable window occlusion 1
te enabled
Dynamically enable window occlusion 0
1719456336692	Marionette	INFO	Listening on port 53557
Read port: 53557
1719456336851	RemoteAgent	WARN	TLS certificate errors will be ignored for this session
console.warn: LoginRecipes: "Falling back to a synchronous message for: https://uibank.uipath.com."
1719456366395	addons.xpi	ERROR	System addon update list error SyntaxError: XMLHttpRequest.open: 'http://%(server)s/dummy-system-addons.xml' is not a valid URL.
console.warn: LoginRecipes: "Falling back to a synchronous message for: https://uibank.uipath.com."
JavaScript error: , line 0: NotFoundError: No such JSProcessActor 'DevToolsProcess'
JavaScript error: , line 0: NotFoundError: No such JSProcessActor 'DevToolsProcess'
JavaScript error: , line 0: NotFoundError: No such JSProcessActor 'DevToolsProcess'
console.warn: LoginRecipes: "Falling back to a synchronous message for: https://uibank.uipath.com."
console.warn: LoginRecipes: "Falling back to a synchronous message for: https://uibank.uipath.com."
console.warn: LoginRecipes: "Falling back to a synchronous message for: https://uibank.uipath.com."
1719456440785	Marionette	INFO	Stopped listening on port 53557
Dynamically enable window occlusion 1
1719456442818	geckodriver	INFO	Listening on 127.0.0.1:53618
1719456445918	mozrunner::runner	INFO	Running command: "C:\\Program Files\\Mozilla Firefox\\firefox.exe" "--marionette" "-no-remote" "-profile" "C:\\Users\\menez\\AppData\\Local\\Temp\\rust_mozprofileIUxtzt"
console.warn: services.settings: Ignoring preference override of remote settings server
console.warn: services.settings: Allow by setting MOZ_REMOTE_SETTINGS_DEVTOOLS=1 in the environment
1719456446397	Marionette	INFO	Marionette enabled
Dynamically enable window occlusion 0
1719456446733	Marionette	INFO	Listening on port 53630
Read port: 53630
1719456446896	RemoteAgent	WARN	TLS certificate errors will be ignored for this session
console.warn: LoginRecipes: "Falling back to a synchronous message for: https://uibank.uipath.com."
1719456476422	addons.xpi	ERROR	System addon update list error SyntaxError: XMLHttpRequest.open: 'http://%(server)s/dummy-system-addons.xml' is not a valid URL.
1719457091743	Marionette	INFO	Stopped listening on port 53630
Dynamically enable window occlusion 1
ng command: "C:\\Program Files\\Mozilla Firefox\\firefox.exe" "--marionette" "-no-remote" "-profile" "C:\\Users\\menez\\AppData\\Local\\Temp\\rust_mozprofilei08fjw"
console.warn: services.settings: Ignoring preference override of remote settings server
console.warn: services.settings: Allow by setting MOZ_REMOTE_SETTINGS_DEVTOOLS=1 in the environment
1719456525107	Marionette	INFO	Marionette enabled
Dynamically enable window occlusion 0
1719456525242	Marionette	INFO	Listening on port 53708
Read port: 53708
1719456525409	RemoteAgent	WARN	TLS certificate errors will be ignored for this session
console.warn: LoginRecipes: "Falling back to a synchronous message for: https://uibank.uipath.com."
1719456555139	addons.xpi	ERROR	System addon update list error SyntaxError: XMLHttpRequest.open: 'http://%(server)s/dummy-system-addons.xml' is not a valid URL.
1719457088586	FirefoxAccounts	ERROR	FxA rejecting with error NO_ACCOUNT, details: undefined
1719457101012	Marionette	INFO	Stopped listening on port 53708
Dynamically enable window occlusion 1
1719927380173	geckodriver	INFO	Listening on 127.0.0.1:64193
1719927383312	mozrunner::runner	INFO	Running command: "C:\\Program Files\\Mozilla Firefox\\firefox.exe" "--marionette" "-no-remote" "-profile" "C:\\Users\\menez\\AppData\\Local\\Temp\\rust_mozprofilesqnvFi"
console.warn: services.settings: Ignoring preference override of remote settings server
console.warn: services.settings: Allow by setting MOZ_REMOTE_SETTINGS_DEVTOOLS=1 in the environment
1719927383944	Marionette	INFO	Marionette enabled
Dynamically enable window occlusion 0
1719927384488	Marionette	INFO	Listening on port 64207
Read port: 64207
1719927384791	RemoteAgent	WARN	TLS certificate errors will be ignored for this session
console.warn: LoginRecipes: "Falling back to a synchronous message for: https://uibank.uipath.com."
1719927413977	addons.xpi	ERROR	System addon update list error SyntaxError: XMLHttpRequest.open: 'http://%(server)s/dummy-system-addons.xml' is not a valid URL.
Exiting due to channel error.
Exiting due to channel error.
